


ARM Macro Assembler    Page 1 


    1 00000000                 EXPORT           port_int_disable
    2 00000000                 EXPORT           port_int_enable
    3 00000000         
    4 00000000                 EXPORT           port_cpsr_save
    5 00000000                 EXPORT           port_cpsr_restore
    6 00000000         
    7 00000000                 EXPORT           port_sched_start
    8 00000000                 EXPORT           port_context_switch
    9 00000000                 EXPORT           port_irq_context_switch
   10 00000000         
   11 00000000                 EXPORT           port_clz
   12 00000000         
   13 00000000                 EXPORT           PendSV_Handler
   14 00000000         
   15 00000000                 IMPORT           k_curr_task
   16 00000000                 IMPORT           k_next_task
   17 00000000         
   18 00000000 E000ED08 
                       SCB_VTOR
                               EQU              0xE000ED08
   19 00000000 E000ED04 
                       NVIC_INT_CTRL
                               EQU              0xE000ED04
   20 00000000 E000ED22 
                       NVIC_SYSPRI14
                               EQU              0xE000ED22
   21 00000000 000000FF 
                       NVIC_PENDSV_PRI
                               EQU              0xFF
   22 00000000 10000000 
                       NVIC_PENDSVSET
                               EQU              0x10000000
   23 00000000         
   24 00000000         
   25 00000000                 AREA             |.text|, CODE, READONLY, ALIGN=
2
   26 00000000                 THUMB
   27 00000000                 REQUIRE8
   28 00000000                 PRESERVE8
   29 00000000         
   30 00000000         
   31 00000000                 GLOBAL           port_int_disable
   32 00000000         port_int_disable
   33 00000000 B672            CPSID            I
   34 00000002 4770            BX               LR
   35 00000004         
   36 00000004         
   37 00000004                 GLOBAL           port_int_enable
   38 00000004         port_int_enable
   39 00000004 B662            CPSIE            I
   40 00000006 4770            BX               LR
   41 00000008         
   42 00000008         
   43 00000008                 GLOBAL           port_cpsr_save
   44 00000008         port_cpsr_save
   45 00000008 F3EF 8010       MRS              R0, PRIMASK
   46 0000000C B672            CPSID            I
   47 0000000E 4770            BX               LR
   48 00000010         



ARM Macro Assembler    Page 2 


   49 00000010         
   50 00000010                 GLOBAL           port_cpsr_restore
   51 00000010         port_cpsr_restore
   52 00000010 F380 8810       MSR              PRIMASK, R0
   53 00000014 4770            BX               LR
   54 00000016         
   55 00000016         
   56 00000016                 GLOBAL           port_clz
   57 00000016         port_clz
   58 00000016 FAB0 F080       CLZ              R0, R0
   59 0000001A 4770            BX               LR
   60 0000001C         
   61 0000001C         
   62 0000001C                 GLOBAL           port_sched_start
   63 0000001C         port_sched_start
   64 0000001C B672            CPSID            I
   65 0000001E         
   66 0000001E         ; set pendsv priority lowest
   67 0000001E         ; otherwise trigger pendsv in port_irq_context_switch wi
                       ll cause a context switch in irq
   68 0000001E         ; that would be a disaster
   69 0000001E F64E 5022 
              F2CE 0000        MOV32            R0, NVIC_SYSPRI14
   70 00000026 F240 01FF 
              F2C0 0100        MOV32            R1, NVIC_PENDSV_PRI
   71 0000002E 7001            STRB             R1, [R0]
   72 00000030         
   73 00000030 4854            LDR              R0, =SCB_VTOR
   74 00000032 6800            LDR              R0, [R0]
   75 00000034 6800            LDR              R0, [R0]
   76 00000036 F380 8808       MSR              MSP, R0
   77 0000003A         
   78 0000003A         ; k_curr_task = k_next_task
   79 0000003A F240 0000 
              F2C0 0000        MOV32            R0, k_curr_task
   80 00000042 F240 0100 
              F2C0 0100        MOV32            R1, k_next_task
   81 0000004A 680A            LDR              R2, [R1]
   82 0000004C 6002            STR              R2, [R0]
   83 0000004E         
   84 0000004E 2000            MOVS             R0, #0
   85 00000050 F380 8809       MSR              PSP, R0
   86 00000054         
   87 00000054 484C            LDR              R0, =NVIC_INT_CTRL
   88 00000056 F04F 5180       LDR              R1, =NVIC_PENDSVSET
   89 0000005A 6001            STR              R1, [R0]
   90 0000005C         
   91 0000005C B662            CPSIE            I
   92 0000005E 4770            BX               LR
   93 00000060         
   94 00000060                 GLOBAL           port_context_switch
   95 00000060         port_context_switch
   96 00000060 4849            LDR              R0, =NVIC_INT_CTRL
   97 00000062 F04F 5180       LDR              R1, =NVIC_PENDSVSET
   98 00000066 6001            STR              R1, [R0]
   99 00000068 4770            BX               LR
  100 0000006A         
  101 0000006A         
  102 0000006A                 GLOBAL           port_irq_context_switch



ARM Macro Assembler    Page 3 


  103 0000006A         port_irq_context_switch
  104 0000006A 4847            LDR              R0, =NVIC_INT_CTRL
  105 0000006C F04F 5180       LDR              R1, =NVIC_PENDSVSET
  106 00000070 6001            STR              R1, [R0]
  107 00000072 4770            BX               LR
  108 00000074         
  109 00000074         
  110 00000074                 GLOBAL           PendSV_Handler
  111 00000074         PendSV_Handler
  112 00000074 B672            CPSID            I
  113 00000076 F3EF 8009       MRS              R0, PSP
  114 0000007A B160            CBZ              R0, PendSVHandler_nosave
  115 0000007C         
  116 0000007C         _context_save
  117 0000007C         ; R0-R3, R12, LR, PC, xPSR is saved automatically here
  118 0000007C                 IF               {FPU} != "SoftVFP"
  127                          ENDIF
  128 0000007C         
  129 0000007C         
  130 0000007C 3820            SUBS             R0, R0, #0x20
  131 0000007E E880 0FF0       STM              R0, {R4 - R11}
  132 00000082 4942            LDR              R1, =k_curr_task
  133 00000084 6809            LDR              R1, [R1]
  134 00000086 684A            LDR              R2, [R1,#0x4]
  135 00000088 B112            CBZ              R2, KTD_SAVE
  136 0000008A 7A0A            LDRB             R2, [R1,#0x8]
  137 0000008C B102            CBZ              R2, UTD_USAVE
  138 0000008E E001            B                UTD_KSAVE
  139 00000090         UTD_USAVE
  140 00000090         KTD_SAVE
  141 00000090 6008            STR              R0, [R1]
  142 00000092 E000            B                PendSVHandler_nosave
  143 00000094         UTD_KSAVE
  144 00000094 6048            STR              R0, [R1,#0x4]
  145 00000096         PendSVHandler_nosave
  146 00000096 483D            LDR              R0, =k_curr_task
  147 00000098 493D            LDR              R1, =k_next_task
  148 0000009A 680A            LDR              R2, [R1]
  149 0000009C 6002            STR              R2, [R0]
  150 0000009E         
  151 0000009E         ;;;TLIB START
  152 0000009E 6850            LDR              R0, [R2,#0x4]
  153 000000A0 B100            CBZ              R0, Load_Kernel_Thread
  154 000000A2 E005            B                Load_User_Thread
  155 000000A4         Load_Kernel_Thread
  156 000000A4 F3EF 8014       MRS              R0, CONTROL
  157 000000A8 F020 0001       BIC              R0,R0,#0x1
  158 000000AC 6810            LDR              R0,[R2]
  159 000000AE E021            B                Load
  160 000000B0         Load_User_Thread
  161 000000B0 7A50            LDRB             R0, [R2,#0x9]
  162 000000B2 B160            CBZ              R0, UTD_KUJG
  163 000000B4         Clear_SWtch_Pend
  164 000000B4 F04F 0000       LDR              R0, =0x0
  165 000000B8 7250            STRB             R0, [R2,#0x9]
  166 000000BA 7A10            LDRB             R0, [R2,#0x8]
  167 000000BC B118            CBZ              R0,  LD_1
  168 000000BE         LD_0
  169 000000BE F04F 0000       LDR              R0, =0x0



ARM Macro Assembler    Page 4 


  170 000000C2 7210            STRB             R0, [R2,#0x8]
  171 000000C4 E003            B                UTD_KUJG
  172 000000C6         LD_1
  173 000000C6 F04F 0001       LDR              R0, =0x1
  174 000000CA 7210            STRB             R0, [R2,#0x8]
  175 000000CC E7FF            B                UTD_KUJG
  176 000000CE         UTD_KUJG
  177 000000CE 7A10            LDRB             R0, [R2,#0x8]
  178 000000D0 B140            CBZ              R0, Load_UTD_Usr
  179 000000D2 E7FF            B                Load_UTD_Ker
  180 000000D4         Load_UTD_Ker
  181 000000D4 F3EF 8014       MRS              R0, CONTROL
  182 000000D8 F020 0001       BIC              R0,R0,#0x1
  183 000000DC F380 8814       MSR              CONTROL,R0
  184 000000E0 6850            LDR              R0, [R2,#0x4]
  185 000000E2 E007            B                Load
  186 000000E4         Load_UTD_Usr
  187 000000E4 F3EF 8014       MRS              R0, CONTROL
  188 000000E8 F040 0001       ORR              R0,R0,#0x1
  189 000000EC F380 8814       MSR              CONTROL,R0
  190 000000F0 6810            LDR              R0, [R2]
  191 000000F2 E7FF            B                Load
  192 000000F4         
  193 000000F4         Load
  194 000000F4 E890 0FF0       LDM              R0, {R4 - R11}
  195 000000F8 3020            ADDS             R0, R0, #0x20
  196 000000FA         
  197 000000FA                 IF               {FPU} != "SoftVFP"
  204                          ENDIF
  205 000000FA         
  206 000000FA F380 8809       MSR              PSP, R0
  207 000000FE F04E 0E04       ORR              LR, LR, #0x04
  208 00000102 B662            CPSIE            I
  209 00000104 4770            BX               LR
  210 00000106         
  211 00000106         
  212 00000106         
  213 00000106         
  214 00000106                 GLOBAL           SVC_Handler
  215 00000106                 IMPORT           cpu_tlib_kernel_stk_init
  216 00000106                 IMPORT           syscall_kernel_knl
  217 00000106         ; must use psp for user msp for kernel 
  218 00000106         ; or will  destory
  219 00000106         ; R0 调用号 R1 结构体地址
  220 00000106         ; R0 返回值
  221 00000106         SVC_Handler
  222 00000106 B672            CPSID            I
  223 00000108 F3EF 8309       MRS              R3,PSP
  224 0000010C         
  225 0000010C         ; R0-R3, R12, LR, PC, xPSR is saved automatically here
  226 0000010C                 IF               {FPU} != "SoftVFP"
  235                          ENDIF
  236 0000010C         
  237 0000010C         
  238 0000010C 3B20            SUBS             R3, R3, #0x20
  239 0000010E E883 0FF0       STM              R3, {R4 - R11}
  240 00000112 4A1E            LDR              R2, =k_curr_task
  241 00000114 6812            LDR              R2, [R2]
  242 00000116         



ARM Macro Assembler    Page 5 


  243 00000116         ;;;TLIB START
  244 00000116 6854            LDR              R4, [R2,#0x4]
  245 00000118 B104            CBZ              R4, KTD
  246 0000011A E018            B                UTD
  247 0000011C         KTD
  248 0000011C 6013            STR              R3, [R2]
  249 0000011E B500            PUSH             {LR}
  250 00000120 F7FF FFFE       BL               syscall_kernel_knl
  251 00000124 F85D EB04       POP              {LR}
  252 00000128 4918            LDR              R1, =k_curr_task
  253 0000012A 6809            LDR              R1, [R1]
  254 0000012C 6809            LDR              R1, [R1]
  255 0000012E 6208            STR              R0, [R1,#0x20]
  256 00000130         
  257 00000130 4916            LDR              R1, =k_curr_task
  258 00000132 4A17            LDR              R2, =k_next_task
  259 00000134 6813            LDR              R3, [R2]
  260 00000136 600B            STR              R3, [R1]
  261 00000138 6819            LDR              R1, [R3]
  262 0000013A         
  263 0000013A E891 0FF0       LDM              R1, {R4 - R11}
  264 0000013E 3120            ADDS             R1, R1, #0x20
  265 00000140         
  266 00000140                 IF               {FPU} != "SoftVFP"
  273                          ENDIF
  274 00000140         
  275 00000140 F381 8809       MSR              PSP, R1
  276 00000144 6008            STR              R0,[R1]
  277 00000146 F04E 0E04       ORR              LR, LR, #0x04
  278 0000014A B662            CPSIE            I
  279 0000014C 4770            BX               LR
  280 0000014E         UTD
  281 0000014E 6013            STR              R3, [R2]
  282 00000150 F04F 0301       LDR              R3, =0x1
  283 00000154 7253            STRB             R3, [R2,#0x9]
  284 00000156         
  285 00000156 B500            PUSH             {LR}
  286 00000158 F7FF FFFE       BL               cpu_tlib_kernel_stk_init
  287 0000015C F85D EB04       POP              {LR}
  288 00000160         
  289 00000160 B500            PUSH             {LR}
  290 00000162 F7FF FFFE       BL               port_context_switch
  291 00000166 F85D EB04       POP              {LR}
  292 0000016A         
  293 0000016A         
  294 0000016A 4908            LDR              R1, =k_curr_task
  295 0000016C 6809            LDR              R1, [R1]
  296 0000016E 6809            LDR              R1, [R1]
  297 00000170         
  298 00000170 E891 0FF0       LDM              R1, {R4 - R11}
  299 00000174 3120            ADDS             R1, R1, #0x20
  300 00000176         
  301 00000176                 IF               {FPU} != "SoftVFP"
  308                          ENDIF
  309 00000176         
  310 00000176 F381 8809       MSR              PSP, R1
  311 0000017A F04E 0E04       ORR              LR, LR, #0x04
  312 0000017E         
  313 0000017E B662            CPSIE            I



ARM Macro Assembler    Page 6 


  314 00000180         
  315 00000180 4770            BX               LR
  316 00000182 00 00           ALIGN
  317 00000184                 END
              E000ED08 
              E000ED04 
              00000000 
              00000000 
Command Line: --debug --xref --diag_suppress=9931 --cpu=Cortex-M4 --fpu=SoftVFP
 --depend=32_tos\port_s.d -o32_tos\port_s.o -I.\RTE\_32_TOS -ID:\Keil5\ARM\PACK
\ARM\CMSIS\5.0.1\CMSIS\Include -ID:\Keil5\ARM\PACK\Keil\STM32WLxx_DFP\1.1.0\Dri
vers\CMSIS\Device\ST\STM32WLxx\Include --predefine="__MICROLIB SETA 1" --predef
ine="__UVISION_VERSION SETA 524" --predefine="_RTE_ SETA 1" --predefine="STM32W
LE5xx SETA 1" --list=port_s.lst ..\tos\arch\port_s.S



ARM Macro Assembler    Page 1 Alphabetic symbol ordering
Relocatable symbols

.text 00000000

Symbol: .text
   Definitions
      At line 25 in file ..\tos\arch\port_s.S
   Uses
      None
Comment: .text unused
Clear_SWtch_Pend 000000B4

Symbol: Clear_SWtch_Pend
   Definitions
      At line 163 in file ..\tos\arch\port_s.S
   Uses
      None
Comment: Clear_SWtch_Pend unused
KTD 0000011C

Symbol: KTD
   Definitions
      At line 247 in file ..\tos\arch\port_s.S
   Uses
      At line 245 in file ..\tos\arch\port_s.S
Comment: KTD used once
KTD_SAVE 00000090

Symbol: KTD_SAVE
   Definitions
      At line 140 in file ..\tos\arch\port_s.S
   Uses
      At line 135 in file ..\tos\arch\port_s.S
Comment: KTD_SAVE used once
LD_0 000000BE

Symbol: LD_0
   Definitions
      At line 168 in file ..\tos\arch\port_s.S
   Uses
      None
Comment: LD_0 unused
LD_1 000000C6

Symbol: LD_1
   Definitions
      At line 172 in file ..\tos\arch\port_s.S
   Uses
      At line 167 in file ..\tos\arch\port_s.S
Comment: LD_1 used once
Load 000000F4

Symbol: Load
   Definitions
      At line 193 in file ..\tos\arch\port_s.S
   Uses
      At line 159 in file ..\tos\arch\port_s.S
      At line 185 in file ..\tos\arch\port_s.S
      At line 191 in file ..\tos\arch\port_s.S

Load_Kernel_Thread 000000A4



ARM Macro Assembler    Page 2 Alphabetic symbol ordering
Relocatable symbols


Symbol: Load_Kernel_Thread
   Definitions
      At line 155 in file ..\tos\arch\port_s.S
   Uses
      At line 153 in file ..\tos\arch\port_s.S
Comment: Load_Kernel_Thread used once
Load_UTD_Ker 000000D4

Symbol: Load_UTD_Ker
   Definitions
      At line 180 in file ..\tos\arch\port_s.S
   Uses
      At line 179 in file ..\tos\arch\port_s.S
Comment: Load_UTD_Ker used once
Load_UTD_Usr 000000E4

Symbol: Load_UTD_Usr
   Definitions
      At line 186 in file ..\tos\arch\port_s.S
   Uses
      At line 178 in file ..\tos\arch\port_s.S
Comment: Load_UTD_Usr used once
Load_User_Thread 000000B0

Symbol: Load_User_Thread
   Definitions
      At line 160 in file ..\tos\arch\port_s.S
   Uses
      At line 154 in file ..\tos\arch\port_s.S
Comment: Load_User_Thread used once
PendSVHandler_nosave 00000096

Symbol: PendSVHandler_nosave
   Definitions
      At line 145 in file ..\tos\arch\port_s.S
   Uses
      At line 114 in file ..\tos\arch\port_s.S
      At line 142 in file ..\tos\arch\port_s.S

PendSV_Handler 00000074

Symbol: PendSV_Handler
   Definitions
      At line 111 in file ..\tos\arch\port_s.S
   Uses
      At line 13 in file ..\tos\arch\port_s.S
      At line 110 in file ..\tos\arch\port_s.S

SVC_Handler 00000106

Symbol: SVC_Handler
   Definitions
      At line 221 in file ..\tos\arch\port_s.S
   Uses
      At line 214 in file ..\tos\arch\port_s.S
Comment: SVC_Handler used once
UTD 0000014E




ARM Macro Assembler    Page 3 Alphabetic symbol ordering
Relocatable symbols

Symbol: UTD
   Definitions
      At line 280 in file ..\tos\arch\port_s.S
   Uses
      At line 246 in file ..\tos\arch\port_s.S
Comment: UTD used once
UTD_KSAVE 00000094

Symbol: UTD_KSAVE
   Definitions
      At line 143 in file ..\tos\arch\port_s.S
   Uses
      At line 138 in file ..\tos\arch\port_s.S
Comment: UTD_KSAVE used once
UTD_KUJG 000000CE

Symbol: UTD_KUJG
   Definitions
      At line 176 in file ..\tos\arch\port_s.S
   Uses
      At line 162 in file ..\tos\arch\port_s.S
      At line 171 in file ..\tos\arch\port_s.S
      At line 175 in file ..\tos\arch\port_s.S

UTD_USAVE 00000090

Symbol: UTD_USAVE
   Definitions
      At line 139 in file ..\tos\arch\port_s.S
   Uses
      At line 137 in file ..\tos\arch\port_s.S
Comment: UTD_USAVE used once
_context_save 0000007C

Symbol: _context_save
   Definitions
      At line 116 in file ..\tos\arch\port_s.S
   Uses
      None
Comment: _context_save unused
port_clz 00000016

Symbol: port_clz
   Definitions
      At line 57 in file ..\tos\arch\port_s.S
   Uses
      At line 11 in file ..\tos\arch\port_s.S
      At line 56 in file ..\tos\arch\port_s.S

port_context_switch 00000060

Symbol: port_context_switch
   Definitions
      At line 95 in file ..\tos\arch\port_s.S
   Uses
      At line 8 in file ..\tos\arch\port_s.S
      At line 94 in file ..\tos\arch\port_s.S
      At line 290 in file ..\tos\arch\port_s.S




ARM Macro Assembler    Page 4 Alphabetic symbol ordering
Relocatable symbols

port_cpsr_restore 00000010

Symbol: port_cpsr_restore
   Definitions
      At line 51 in file ..\tos\arch\port_s.S
   Uses
      At line 5 in file ..\tos\arch\port_s.S
      At line 50 in file ..\tos\arch\port_s.S

port_cpsr_save 00000008

Symbol: port_cpsr_save
   Definitions
      At line 44 in file ..\tos\arch\port_s.S
   Uses
      At line 4 in file ..\tos\arch\port_s.S
      At line 43 in file ..\tos\arch\port_s.S

port_int_disable 00000000

Symbol: port_int_disable
   Definitions
      At line 32 in file ..\tos\arch\port_s.S
   Uses
      At line 1 in file ..\tos\arch\port_s.S
      At line 31 in file ..\tos\arch\port_s.S

port_int_enable 00000004

Symbol: port_int_enable
   Definitions
      At line 38 in file ..\tos\arch\port_s.S
   Uses
      At line 2 in file ..\tos\arch\port_s.S
      At line 37 in file ..\tos\arch\port_s.S

port_irq_context_switch 0000006A

Symbol: port_irq_context_switch
   Definitions
      At line 103 in file ..\tos\arch\port_s.S
   Uses
      At line 9 in file ..\tos\arch\port_s.S
      At line 102 in file ..\tos\arch\port_s.S

port_sched_start 0000001C

Symbol: port_sched_start
   Definitions
      At line 63 in file ..\tos\arch\port_s.S
   Uses
      At line 7 in file ..\tos\arch\port_s.S
      At line 62 in file ..\tos\arch\port_s.S

27 symbols



ARM Macro Assembler    Page 1 Alphabetic symbol ordering
Absolute symbols

NVIC_INT_CTRL E000ED04

Symbol: NVIC_INT_CTRL
   Definitions
      At line 19 in file ..\tos\arch\port_s.S
   Uses
      At line 87 in file ..\tos\arch\port_s.S
      At line 96 in file ..\tos\arch\port_s.S
      At line 104 in file ..\tos\arch\port_s.S

NVIC_PENDSVSET 10000000

Symbol: NVIC_PENDSVSET
   Definitions
      At line 22 in file ..\tos\arch\port_s.S
   Uses
      At line 88 in file ..\tos\arch\port_s.S
      At line 97 in file ..\tos\arch\port_s.S
      At line 105 in file ..\tos\arch\port_s.S

NVIC_PENDSV_PRI 000000FF

Symbol: NVIC_PENDSV_PRI
   Definitions
      At line 21 in file ..\tos\arch\port_s.S
   Uses
      At line 70 in file ..\tos\arch\port_s.S
Comment: NVIC_PENDSV_PRI used once
NVIC_SYSPRI14 E000ED22

Symbol: NVIC_SYSPRI14
   Definitions
      At line 20 in file ..\tos\arch\port_s.S
   Uses
      At line 69 in file ..\tos\arch\port_s.S
Comment: NVIC_SYSPRI14 used once
SCB_VTOR E000ED08

Symbol: SCB_VTOR
   Definitions
      At line 18 in file ..\tos\arch\port_s.S
   Uses
      At line 73 in file ..\tos\arch\port_s.S
Comment: SCB_VTOR used once
5 symbols



ARM Macro Assembler    Page 1 Alphabetic symbol ordering
External symbols

cpu_tlib_kernel_stk_init 00000000

Symbol: cpu_tlib_kernel_stk_init
   Definitions
      At line 215 in file ..\tos\arch\port_s.S
   Uses
      At line 286 in file ..\tos\arch\port_s.S
Comment: cpu_tlib_kernel_stk_init used once
k_curr_task 00000000

Symbol: k_curr_task
   Definitions
      At line 15 in file ..\tos\arch\port_s.S
   Uses
      At line 79 in file ..\tos\arch\port_s.S
      At line 132 in file ..\tos\arch\port_s.S
      At line 146 in file ..\tos\arch\port_s.S
      At line 240 in file ..\tos\arch\port_s.S
      At line 252 in file ..\tos\arch\port_s.S
      At line 257 in file ..\tos\arch\port_s.S
      At line 294 in file ..\tos\arch\port_s.S

k_next_task 00000000

Symbol: k_next_task
   Definitions
      At line 16 in file ..\tos\arch\port_s.S
   Uses
      At line 80 in file ..\tos\arch\port_s.S
      At line 147 in file ..\tos\arch\port_s.S
      At line 258 in file ..\tos\arch\port_s.S

syscall_kernel_knl 00000000

Symbol: syscall_kernel_knl
   Definitions
      At line 216 in file ..\tos\arch\port_s.S
   Uses
      At line 250 in file ..\tos\arch\port_s.S
Comment: syscall_kernel_knl used once
4 symbols
372 symbols in table
